<?xml version="1.0" encoding="UTF-8"?>
<!-- Generated by org.testng.reporters.JUnitXMLReporter -->
<testsuite ignored="0" hostname="FFE-Shaikh-Tabrez" failures="0" tests="4" name="NormalBikesTest" time="56.506" errors="0" timestamp="2024-04-16T11:19:07 IST">
  <testcase classname="WorkingWithTestNG.ExampleForParallelExecution2" name="example2" time="11.519"/>
  <testcase classname="WorkingWithTestNG.ExampleForParallelExecution2" name="exapmle" time="15.665"/>
  <testcase classname="WorkingWithTestNG.ExampleForParallelExecution" name="example2" time="9.228"/>
  <testcase classname="WorkingWithTestNG.ExampleForParallelExecution" name="exapmle" time="19.962"/>
</testsuite> <!-- NormalBikesTest -->
