<?xml version="1.0" encoding="UTF-8"?>
<!-- Generated by org.testng.reporters.JUnitXMLReporter -->
<testsuite ignored="0" hostname="FFE-Shaikh-Tabrez" failures="0" tests="4" name="SuperBikesTest" time="65.467" errors="0" timestamp="2024-04-16T11:19:16 IST">
  <testcase classname="WorkingWithTestNG.ExampleForParallelExecution2" name="example2" time="11.577"/>
  <testcase classname="WorkingWithTestNG.ExampleForParallelExecution2" name="exapmle" time="25.174"/>
  <testcase classname="WorkingWithTestNG.ExampleForParallelExecution" name="example2" time="10.438"/>
  <testcase classname="WorkingWithTestNG.ExampleForParallelExecution" name="exapmle" time="18.158"/>
</testsuite> <!-- SuperBikesTest -->
