<?xml version="1.0" encoding="UTF-8"?>
<!-- Generated by org.testng.reporters.JUnitXMLReporter -->
<testsuite ignored="0" hostname="FFE-Shaikh-Tabrez" failures="0" tests="3" name="Test" time="9.134" errors="0" timestamp="2024-04-21T13:27:04 IST">
  <testcase classname="WorkingWithTestNG.WokingWithDataProvider" name="testCase" time="3.027"/>
  <testcase classname="WorkingWithTestNG.WokingWithDataProvider" name="testCase" time="3.011"/>
  <testcase classname="WorkingWithTestNG.WokingWithDataProvider" name="testCase" time="3.017"/>
</testsuite> <!-- Test -->
